c:\users\root\documents\visual studio 2013\projects\project2\project2\debug\vc120.pdb
c:\users\root\documents\visual studio 2013\projects\project2\project2\debug\vc120.idb
c:\users\root\documents\visual studio 2013\projects\project2\project2\debug\cryp.obj
c:\users\root\documents\visual studio 2013\projects\project2\project2\debug\myform1.obj
c:\users\root\documents\visual studio 2013\projects\project2\project2\debug\myform.obj
c:\users\root\documents\visual studio 2013\projects\project2\project2\debug\decrypt.obj
c:\users\root\documents\visual studio 2013\projects\project2\debug\project2.exe
c:\users\root\documents\visual studio 2013\projects\project2\debug\project2.pdb
c:\users\root\documents\visual studio 2013\projects\project2\project2\debug\project2.myform.resources
c:\users\root\documents\visual studio 2013\projects\project2\project2\debug\project2.myform1.resources
c:\users\root\documents\visual studio 2013\projects\project2\project2\debug\project2.alertmessage.resources
c:\users\root\documents\visual studio 2013\projects\project2\project2\debug\project2.decrypt.resources
c:\users\root\documents\visual studio 2013\projects\project2\project2\debug\project2.vcxproj.generateresource.cache
c:\users\root\documents\visual studio 2013\projects\project2\project2\debug\project2.vcxprojresolveassemblyreference.cache
c:\users\root\documents\visual studio 2013\projects\project2\project2\debug\project2.tlog\cl.command.1.tlog
c:\users\root\documents\visual studio 2013\projects\project2\project2\debug\project2.tlog\cl.read.1.tlog
c:\users\root\documents\visual studio 2013\projects\project2\project2\debug\project2.tlog\cl.write.1.tlog
c:\users\root\documents\visual studio 2013\projects\project2\project2\debug\project2.tlog\link.command.1.tlog
c:\users\root\documents\visual studio 2013\projects\project2\project2\debug\project2.tlog\link.read.1.tlog
c:\users\root\documents\visual studio 2013\projects\project2\project2\debug\project2.tlog\link.write.1.tlog
c:\users\root\documents\visual studio 2013\projects\project2\project2\debug\project2.tlog\project2.write.1u.tlog
